[10Aug2025 20:32:07.629] [main/INFO] [FabricLoader/GameProvider/]: Loading Minecraft 1.21.1 Arclight arclight-1.21.1-1.0.1-8ec9529 with Fabric Loader 0.16.14
mainEx[10Aug2025 20:32:07.894] [main/INFO] [FabricLoader/]: Loading 43 mods:
	- arclight 1.0.1+8ec9529
	   \-- fabric-permissions-api-v0 0.3.1
	- fabric-api 0.116.4+1.21.1
	   |-- fabric-api-base 0.4.42+6573ed8c19
	   |-- fabric-api-lookup-api-v1 1.6.71+b559734419
	   |-- fabric-biome-api-v1 13.0.31+d527f9fd19
	   |-- fabric-block-api-v1 1.1.0+0bc3503219
	   |-- fabric-block-view-api-v2 1.0.11+ebb2264e19
	   |-- fabric-blockrenderlayer-v1 1.1.52+0af3f5a719
	   |-- fabric-client-tags-api-v1 1.1.15+6573ed8c19
	   |-- fabric-command-api-v1 1.2.49+f71b366f19
	   |-- fabric-command-api-v2 2.2.28+6ced4dd919
	   |-- fabric-commands-v0 0.2.66+df3654b319
	   |-- fabric-content-registries-v0 8.0.19+b559734419
	   |-- fabric-convention-tags-v1 2.1.5+7f945d5b19
	   |-- fabric-convention-tags-v2 2.11.1+a406e79519
	   |-- fabric-crash-report-info-v1 0.2.29+0af3f5a719
	   |-- fabric-data-attachment-api-v1 1.4.5+6116a37819
	   |-- fabric-data-generation-api-v1 20.2.32+5b9dea2e19
	   |-- fabric-dimensions-v1 4.0.0+6fc22b9919
	   |-- fabric-entity-events-v1 1.8.0+2b27e0a419
	   |-- fabric-events-interaction-v0 0.7.13+ba9dae0619
	   |-- fabric-game-rule-api-v1 1.0.53+6ced4dd919
	   |-- fabric-item-api-v1 11.1.1+d5debaed19
	   |-- fabric-item-group-api-v1 4.1.7+def88e3a19
	   |-- fabric-key-binding-api-v1 1.0.47+0af3f5a719
	   |-- fabric-keybindings-v0 0.2.45+df3654b319
	   |-- fabric-lifecycle-events-v1 2.6.0+0865547519
	   |-- fabric-loot-api-v2 3.0.15+3f89f5a519
	   |-- fabric-loot-api-v3 1.0.3+3f89f5a519
	   |-- fabric-message-api-v1 6.0.14+8aaf3aca19
	   |-- fabric-model-loading-api-v1 2.0.0+fe474d6b19
	   |-- fabric-networking-api-v1 4.3.0+c7469b2119
	   |-- fabric-object-builder-api-v1 15.2.1+40875a9319
	   |-- fabric-particles-v1 4.0.2+6573ed8c19
	   |-- fabric-recipe-api-v1 5.0.14+248df81c19
	   |-- fabric-registry-sync-v0 5.3.1+e3eddc2119
	   |-- fabric-renderer-api-v1 3.4.0+c705a49c19
	   |-- fabric-renderer-indigo 1.7.0+c705a49c19
	   |-- fabric-renderer-registries-v1 3.2.69+df3654b319
	   |-- fabric-rendering-data-attachment-v1 0.3.49+73761d2e19
	   |-- fabric-rendering-fluids-v1 3.1.6+1daea21519
	   |-- fabric-rendering-v0 1.1.72+df3654b319
	   |-- fabric-rendering-v1 5.1.0+ab4c25a019
	   |-- fabric-resource-conditions-api-v1 4.3.0+8dc279b119
	   |-- fabric-resource-loader-v0 1.3.1+5b5275af19
	   |-- fabric-screen-api-v1 2.0.25+8b68f1c719
	   |-- fabric-screen-handler-api-v1 1.3.90+b559734419
	   |-- fabric-sound-api-v1 1.0.23+6573ed8c19
	   |-- fabric-transfer-api-v1 5.4.3+c24bd99419
	   \-- fabric-transitive-access-wideners-v1 6.2.0+45b9699719
	- fabricloader 0.16.14
	   \-- mixinextras 0.4.1
	- java 21
	- minecraft 1.21.1
mainEx[10Aug2025 20:32:08.046] [main/INFO] [FabricLoader/Mixin/]: SpongePowered MIXIN Subsystem Version=0.8.7 Source=file:/workspaces/maincra-server/servidor_minecraft/libraries/net/fabricmc/sponge-mixin/0.15.5+mixin.0.8.7/sponge-mixin-0.15.5+mixin.0.8.7.jar Service=Knot/Fabric Env=SERVER
mainEx[10Aug2025 20:32:08.154] [main/INFO] [FabricLoader/Mixin/]: Compatibility level set to JAVA_21
mainEx[10Aug2025 20:32:08.898] [main/INFO] [Arclight/]: Using locale en_ and fallback locale en_us
mainEx[10Aug2025 20:32:08.909] [main/INFO] [Arclight/]: 

       ___           ___     __   /\
      /   | ________/ (_)__ / /  / /
     / /| |/ __/ __/ / / _ / _ \/__/
    / ___ / / / /_/ / / / / // / /
   /_/  |/_/  \__/_/_/\_ /_//_/ /
                     /__/     \/

    Version 诸王 (Feudal Kings) / arclight-1.21.1-1.0.1-8ec9529
    Build Date 2025-07-16 16:24:32

mainEx[10Aug2025 20:32:11.139] [main/INFO] [FabricLoader/MixinExtras|Service/]: Initializing MixinExtras via com.llamalad7.mixinextras.service.MixinExtrasServiceImpl(version=0.4.1).
mainEx[10Aug2025 20:32:27.502] [main/INFO] [com.mojang.authlib.yggdrasil.YggdrasilAuthenticationService/]: Environment: Environment[sessionHost=https://sessionserver.mojang.com, servicesHost=https://api.minecraftservices.com, name=PROD]
mainEx[10Aug2025 20:32:30.663] [main/INFO] [net.minecraft.class_1863/]: Loaded 1290 recipes
mainEx[10Aug2025 20:32:31.260] [main/INFO] [net.minecraft.class_163/]: Loaded 1399 advancements
mainEx[10Aug2025 20:32:32.086] [main/INFO] [net.fabricmc.fabric.impl.biome.modification.BiomeModificationImpl/]: Applied 0 biome modifications to 0 of 64 new biomes in 4.141 ms
mainEx[10Aug2025 20:32:32.098] [Server thread/INFO] [net.minecraft.class_3176/]: Starting minecraft server version 1.21.1
Server threadEx[10Aug2025 20:32:32.098] [Server thread/INFO] [net.minecraft.class_3176/]: Loading properties
Server threadEx[10Aug2025 20:32:32.099] [Server thread/INFO] [net.minecraft.class_3176/]: Default game type: SURVIVAL
Server threadEx[10Aug2025 20:32:32.099] [Server thread/INFO] [net.minecraft.server.MinecraftServer/]: Generating keypair
Server threadEx[10Aug2025 20:32:32.217] [Server thread/INFO] [net.minecraft.class_3176/]: Starting Minecraft server on *:25565
Server threadEx[10Aug2025 20:32:32.326] [Server thread/INFO] [net.minecraft.class_3242/]: Using epoll channel type
Server threadEx[10Aug2025 20:32:32.887] [Server thread/INFO] [Minecraft/]: This server is running Arclight version arclight-1.21.1-1.0.1-8ec9529 (MC: 1.21.1) (Implementing API version 1.21.1-R0.1-SNAPSHOT)
Server threadEx[10Aug2025 20:32:34.161] [Server thread/INFO] [Minecraft/]: *** This version of Spigot contains changes to some enums. If you notice that plugins no longer work after updating, please report this to the developers of those plugins first. ***
Server threadEx[10Aug2025 20:32:34.162] [Server thread/INFO] [Minecraft/]: *** If you cannot update those plugins, you can try setting `settings.compatibility.enum-compatibility-mode` to `true` in `bukkit.yml`. ***
Server threadEx[10Aug2025 20:32:34.252] [Server thread/INFO] [Arclight/]: Registering for Bukkit ...
Server threadEx[10Aug2025 20:32:34.303] [Server thread/INFO] [Arclight/]: Registered 0 new materials with 0 blocks and 0 items
Server threadEx[10Aug2025 20:32:34.571] [Server thread/INFO] [Arclight/]: Registered 0 new entity types
Server threadEx[10Aug2025 20:32:34.572] [Server thread/INFO] [Arclight/]: Registered 0 new biomes
Server threadEx[10Aug2025 20:32:34.632] [Server thread/INFO] [net.minecraft.class_2983/]: [STDOUT]: Server Ping Player Sample Count: 12
Server threadEx[10Aug2025 20:32:34.637] [Server thread/INFO] [Minecraft/]: Using 4 threads for Netty based IO
Server threadEx[10Aug2025 20:32:34.639] [Server thread/INFO] [Minecraft/]: Debug logging is enabled
Server threadEx[10Aug2025 20:32:34.824] [Server thread/INFO] [Arclight/]: Loading mappings ...
Server threadEx[10Aug2025 20:32:35.761] [Server thread/INFO] [Arclight/]: Loading plugin patchers ...
Server threadEx[10Aug2025 20:32:35.795] [Server thread/INFO] [Arclight/CLCACHE]: Obsolete plugin class cache is cleared
Server threadEx[10Aug2025 20:32:36.463] [Server thread/INFO] [TabTPS/]: Loading TabTPS v1.3.25
Server threadEx[10Aug2025 20:32:36.469] [Server thread/INFO] [net.minecraft.class_3176/]: Preparing level "world"
Server threadEx[10Aug2025 20:32:36.488] [Server thread/INFO] [Arclight/]: Registered 0 new dimensions
Server threadEx[10Aug2025 20:32:37.439] [Server thread/INFO] [Minecraft/]: -------- World Settings For [world] --------
Server threadEx[10Aug2025 20:32:37.439] [Server thread/INFO] [Minecraft/]: Zombie Aggressive Towards Villager: true
Server threadEx[10Aug2025 20:32:37.443] [Server thread/INFO] [Minecraft/]: Max TNT Explosions: 100
Server threadEx[10Aug2025 20:32:37.444] [Server thread/INFO] [Minecraft/]: Tile Max Tick Time: 50ms Entity max Tick Time: 50ms
Server threadEx[10Aug2025 20:32:37.444] [Server thread/INFO] [Minecraft/]: Allow Zombie Pigmen to spawn from portal blocks: true
Server threadEx[10Aug2025 20:32:37.444] [Server thread/INFO] [Minecraft/]: Experience Merge Radius: 3.0
Server threadEx[10Aug2025 20:32:37.445] [Server thread/INFO] [Minecraft/]: Mob Spawn Range: 6
Server threadEx[10Aug2025 20:32:37.445] [Server thread/INFO] [Minecraft/]: Arrow Despawn Rate: 1200 Trident Respawn Rate:1200
Server threadEx[10Aug2025 20:32:37.445] [Server thread/INFO] [Minecraft/]: Cactus Growth Modifier: 100%
Server threadEx[10Aug2025 20:32:37.445] [Server thread/INFO] [Minecraft/]: Cane Growth Modifier: 100%
Server threadEx[10Aug2025 20:32:37.445] [Server thread/INFO] [Minecraft/]: Melon Growth Modifier: 100%
Server threadEx[10Aug2025 20:32:37.445] [Server thread/INFO] [Minecraft/]: Mushroom Growth Modifier: 100%
Server threadEx[10Aug2025 20:32:37.445] [Server thread/INFO] [Minecraft/]: Pumpkin Growth Modifier: 100%
Server threadEx[10Aug2025 20:32:37.445] [Server thread/INFO] [Minecraft/]: Sapling Growth Modifier: 100%
Server threadEx[10Aug2025 20:32:37.445] [Server thread/INFO] [Minecraft/]: Beetroot Growth Modifier: 100%
Server threadEx[10Aug2025 20:32:37.445] [Server thread/INFO] [Minecraft/]: Carrot Growth Modifier: 100%
Server threadEx[10Aug2025 20:32:37.445] [Server thread/INFO] [Minecraft/]: Potato Growth Modifier: 100%
Server threadEx[10Aug2025 20:32:37.445] [Server thread/INFO] [Minecraft/]: Wheat Growth Modifier: 100%
Server threadEx[10Aug2025 20:32:37.445] [Server thread/INFO] [Minecraft/]: NetherWart Growth Modifier: 100%
Server threadEx[10Aug2025 20:32:37.448] [Server thread/INFO] [Minecraft/]: Vine Growth Modifier: 100%
Server threadEx[10Aug2025 20:32:37.448] [Server thread/INFO] [Minecraft/]: Cocoa Growth Modifier: 100%
Server threadEx[10Aug2025 20:32:37.448] [Server thread/INFO] [Minecraft/]: Bamboo Growth Modifier: 100%
Server threadEx[10Aug2025 20:32:37.448] [Server thread/INFO] [Minecraft/]: SweetBerry Growth Modifier: 100%
Server threadEx[10Aug2025 20:32:37.448] [Server thread/INFO] [Minecraft/]: Kelp Growth Modifier: 100%
Server threadEx[10Aug2025 20:32:37.448] [Server thread/INFO] [Minecraft/]: TwistingVines Growth Modifier: 100%
Server threadEx[10Aug2025 20:32:37.448] [Server thread/INFO] [Minecraft/]: WeepingVines Growth Modifier: 100%
Server threadEx[10Aug2025 20:32:37.448] [Server thread/INFO] [Minecraft/]: CaveVines Growth Modifier: 100%
Server threadEx[10Aug2025 20:32:37.457] [Server thread/INFO] [Minecraft/]: Entity Activation Range: An 32 / Mo 32 / Ra 48 / Mi 16 / Tiv true / Isa false
Server threadEx[10Aug2025 20:32:37.457] [Server thread/INFO] [Minecraft/]: Entity Tracking Range: Pl 48 / An 48 / Mo 48 / Mi 32 / Di 128 / Other 64
Server threadEx[10Aug2025 20:32:37.463] [Server thread/INFO] [Minecraft/]: Hopper Transfer: 8 Hopper Check: 1 Hopper Amount: 1 Hopper Can Load Chunks: false
Server threadEx[10Aug2025 20:32:37.471] [Server thread/INFO] [Minecraft/]: Custom Map Seeds:  Village: 10387312 Desert: 14357617 Igloo: 14357618 Jungle: 14357619 Swamp: 14357620 Monument: 10387313 Ocean: 14357621 Shipwreck: 165745295 End City: 10387313 Slime: 987234911 Nether: 30084232 Mansion: 10387319 Fossil: 14357921 Portal: 34222645
Server threadEx[10Aug2025 20:32:37.471] [Server thread/INFO] [Minecraft/]: View Distance: 10
Server threadEx[10Aug2025 20:32:37.471] [Server thread/INFO] [Minecraft/]: Simulation Distance: 10
Server threadEx[10Aug2025 20:32:37.472] [Server thread/INFO] [Minecraft/]: Item Merge Radius: 2.5
Server threadEx[10Aug2025 20:32:37.472] [Server thread/INFO] [Minecraft/]: Item Despawn Rate: 6000
Server threadEx[10Aug2025 20:32:37.472] [Server thread/INFO] [Minecraft/]: Nerfing mobs spawned from spawners: false
Server threadEx[10Aug2025 20:32:45.838] [Server thread/INFO] [Minecraft/]: -------- World Settings For [world/DIM1] --------
Server threadEx[10Aug2025 20:32:45.838] [Server thread/INFO] [Minecraft/]: Zombie Aggressive Towards Villager: true
Server threadEx[10Aug2025 20:32:45.838] [Server thread/INFO] [Minecraft/]: Max TNT Explosions: 100
Server threadEx[10Aug2025 20:32:45.839] [Server thread/INFO] [Minecraft/]: Tile Max Tick Time: 50ms Entity max Tick Time: 50ms
Server threadEx[10Aug2025 20:32:45.839] [Server thread/INFO] [Minecraft/]: Allow Zombie Pigmen to spawn from portal blocks: true
Server threadEx[10Aug2025 20:32:45.839] [Server thread/INFO] [Minecraft/]: Experience Merge Radius: 3.0
Server threadEx[10Aug2025 20:32:45.839] [Server thread/INFO] [Minecraft/]: Mob Spawn Range: 6
Server threadEx[10Aug2025 20:32:45.839] [Server thread/INFO] [Minecraft/]: Arrow Despawn Rate: 1200 Trident Respawn Rate:1200
Server threadEx[10Aug2025 20:32:45.839] [Server thread/INFO] [Minecraft/]: Cactus Growth Modifier: 100%
Server threadEx[10Aug2025 20:32:45.839] [Server thread/INFO] [Minecraft/]: Cane Growth Modifier: 100%
Server threadEx[10Aug2025 20:32:45.839] [Server thread/INFO] [Minecraft/]: Melon Growth Modifier: 100%
Server threadEx[10Aug2025 20:32:45.839] [Server thread/INFO] [Minecraft/]: Mushroom Growth Modifier: 100%
Server threadEx[10Aug2025 20:32:45.839] [Server thread/INFO] [Minecraft/]: Pumpkin Growth Modifier: 100%
Server threadEx[10Aug2025 20:32:45.839] [Server thread/INFO] [Minecraft/]: Sapling Growth Modifier: 100%
Server threadEx[10Aug2025 20:32:45.839] [Server thread/INFO] [Minecraft/]: Beetroot Growth Modifier: 100%
Server threadEx[10Aug2025 20:32:45.839] [Server thread/INFO] [Minecraft/]: Carrot Growth Modifier: 100%
Server threadEx[10Aug2025 20:32:45.839] [Server thread/INFO] [Minecraft/]: Potato Growth Modifier: 100%
Server threadEx[10Aug2025 20:32:45.839] [Server thread/INFO] [Minecraft/]: Wheat Growth Modifier: 100%
Server threadEx[10Aug2025 20:32:45.839] [Server thread/INFO] [Minecraft/]: NetherWart Growth Modifier: 100%
Server threadEx[10Aug2025 20:32:45.839] [Server thread/INFO] [Minecraft/]: Vine Growth Modifier: 100%
Server threadEx[10Aug2025 20:32:45.839] [Server thread/INFO] [Minecraft/]: Cocoa Growth Modifier: 100%
Server threadEx[10Aug2025 20:32:45.839] [Server thread/INFO] [Minecraft/]: Bamboo Growth Modifier: 100%
Server threadEx[10Aug2025 20:32:45.839] [Server thread/INFO] [Minecraft/]: SweetBerry Growth Modifier: 100%
Server threadEx[10Aug2025 20:32:45.839] [Server thread/INFO] [Minecraft/]: Kelp Growth Modifier: 100%
Server threadEx[10Aug2025 20:32:45.839] [Server thread/INFO] [Minecraft/]: TwistingVines Growth Modifier: 100%
Server threadEx[10Aug2025 20:32:45.839] [Server thread/INFO] [Minecraft/]: WeepingVines Growth Modifier: 100%
Server threadEx[10Aug2025 20:32:45.839] [Server thread/INFO] [Minecraft/]: CaveVines Growth Modifier: 100%
Server threadEx[10Aug2025 20:32:45.839] [Server thread/INFO] [Minecraft/]: Entity Activation Range: An 32 / Mo 32 / Ra 48 / Mi 16 / Tiv true / Isa false
Server threadEx[10Aug2025 20:32:45.839] [Server thread/INFO] [Minecraft/]: Entity Tracking Range: Pl 48 / An 48 / Mo 48 / Mi 32 / Di 128 / Other 64
Server threadEx[10Aug2025 20:32:45.839] [Server thread/INFO] [Minecraft/]: Hopper Transfer: 8 Hopper Check: 1 Hopper Amount: 1 Hopper Can Load Chunks: false
Server threadEx[10Aug2025 20:32:45.839] [Server thread/INFO] [Minecraft/]: Custom Map Seeds:  Village: 10387312 Desert: 14357617 Igloo: 14357618 Jungle: 14357619 Swamp: 14357620 Monument: 10387313 Ocean: 14357621 Shipwreck: 165745295 End City: 10387313 Slime: 987234911 Nether: 30084232 Mansion: 10387319 Fossil: 14357921 Portal: 34222645
Server threadEx[10Aug2025 20:32:45.839] [Server thread/INFO] [Minecraft/]: View Distance: 10
Server threadEx[10Aug2025 20:32:45.839] [Server thread/INFO] [Minecraft/]: Simulation Distance: 10
Server threadEx[10Aug2025 20:32:45.840] [Server thread/INFO] [Minecraft/]: Item Merge Radius: 2.5
Server threadEx[10Aug2025 20:32:45.840] [Server thread/INFO] [Minecraft/]: Item Despawn Rate: 6000
Server threadEx[10Aug2025 20:32:45.840] [Server thread/INFO] [Minecraft/]: Nerfing mobs spawned from spawners: false
Server threadEx[10Aug2025 20:32:45.896] [Server thread/INFO] [Minecraft/]: -------- World Settings For [world/DIM-1] --------
Server threadEx[10Aug2025 20:32:45.896] [Server thread/INFO] [Minecraft/]: Zombie Aggressive Towards Villager: true
Server threadEx[10Aug2025 20:32:45.897] [Server thread/INFO] [Minecraft/]: Max TNT Explosions: 100
Server threadEx[10Aug2025 20:32:45.897] [Server thread/INFO] [Minecraft/]: Tile Max Tick Time: 50ms Entity max Tick Time: 50ms
Server threadEx[10Aug2025 20:32:45.897] [Server thread/INFO] [Minecraft/]: Allow Zombie Pigmen to spawn from portal blocks: true
Server threadEx[10Aug2025 20:32:45.897] [Server thread/INFO] [Minecraft/]: Experience Merge Radius: 3.0
Server threadEx[10Aug2025 20:32:45.897] [Server thread/INFO] [Minecraft/]: Mob Spawn Range: 6
Server threadEx[10Aug2025 20:32:45.897] [Server thread/INFO] [Minecraft/]: Arrow Despawn Rate: 1200 Trident Respawn Rate:1200
Server threadEx[10Aug2025 20:32:45.897] [Server thread/INFO] [Minecraft/]: Cactus Growth Modifier: 100%
Server threadEx[10Aug2025 20:32:45.897] [Server thread/INFO] [Minecraft/]: Cane Growth Modifier: 100%
Server threadEx[10Aug2025 20:32:45.897] [Server thread/INFO] [Minecraft/]: Melon Growth Modifier: 100%
Server threadEx[10Aug2025 20:32:45.897] [Server thread/INFO] [Minecraft/]: Mushroom Growth Modifier: 100%
Server threadEx[10Aug2025 20:32:45.897] [Server thread/INFO] [Minecraft/]: Pumpkin Growth Modifier: 100%
Server threadEx[10Aug2025 20:32:45.897] [Server thread/INFO] [Minecraft/]: Sapling Growth Modifier: 100%
Server threadEx[10Aug2025 20:32:45.897] [Server thread/INFO] [Minecraft/]: Beetroot Growth Modifier: 100%
Server threadEx[10Aug2025 20:32:45.897] [Server thread/INFO] [Minecraft/]: Carrot Growth Modifier: 100%
Server threadEx[10Aug2025 20:32:45.897] [Server thread/INFO] [Minecraft/]: Potato Growth Modifier: 100%
Server threadEx[10Aug2025 20:32:45.897] [Server thread/INFO] [Minecraft/]: Wheat Growth Modifier: 100%
Server threadEx[10Aug2025 20:32:45.897] [Server thread/INFO] [Minecraft/]: NetherWart Growth Modifier: 100%
Server threadEx[10Aug2025 20:32:45.897] [Server thread/INFO] [Minecraft/]: Vine Growth Modifier: 100%
Server threadEx[10Aug2025 20:32:45.897] [Server thread/INFO] [Minecraft/]: Cocoa Growth Modifier: 100%
Server threadEx[10Aug2025 20:32:45.897] [Server thread/INFO] [Minecraft/]: Bamboo Growth Modifier: 100%
Server threadEx[10Aug2025 20:32:45.897] [Server thread/INFO] [Minecraft/]: SweetBerry Growth Modifier: 100%
Server threadEx[10Aug2025 20:32:45.897] [Server thread/INFO] [Minecraft/]: Kelp Growth Modifier: 100%
Server threadEx[10Aug2025 20:32:45.897] [Server thread/INFO] [Minecraft/]: TwistingVines Growth Modifier: 100%
Server threadEx[10Aug2025 20:32:45.897] [Server thread/INFO] [Minecraft/]: WeepingVines Growth Modifier: 100%
Server threadEx[10Aug2025 20:32:45.897] [Server thread/INFO] [Minecraft/]: CaveVines Growth Modifier: 100%
Server threadEx[10Aug2025 20:32:45.897] [Server thread/INFO] [Minecraft/]: Entity Activation Range: An 32 / Mo 32 / Ra 48 / Mi 16 / Tiv true / Isa false
Server threadEx[10Aug2025 20:32:45.899] [Server thread/INFO] [Minecraft/]: Entity Tracking Range: Pl 48 / An 48 / Mo 48 / Mi 32 / Di 128 / Other 64
Server threadEx[10Aug2025 20:32:45.899] [Server thread/INFO] [Minecraft/]: Hopper Transfer: 8 Hopper Check: 1 Hopper Amount: 1 Hopper Can Load Chunks: false
Server threadEx[10Aug2025 20:32:45.899] [Server thread/INFO] [Minecraft/]: Custom Map Seeds:  Village: 10387312 Desert: 14357617 Igloo: 14357618 Jungle: 14357619 Swamp: 14357620 Monument: 10387313 Ocean: 14357621 Shipwreck: 165745295 End City: 10387313 Slime: 987234911 Nether: 30084232 Mansion: 10387319 Fossil: 14357921 Portal: 34222645
Server threadEx[10Aug2025 20:32:45.899] [Server thread/INFO] [Minecraft/]: View Distance: 10
Server threadEx[10Aug2025 20:32:45.899] [Server thread/INFO] [Minecraft/]: Simulation Distance: 10
Server threadEx[10Aug2025 20:32:45.899] [Server thread/INFO] [Minecraft/]: Item Merge Radius: 2.5
Server threadEx[10Aug2025 20:32:45.899] [Server thread/INFO] [Minecraft/]: Item Despawn Rate: 6000
Server threadEx[10Aug2025 20:32:45.899] [Server thread/INFO] [Minecraft/]: Nerfing mobs spawned from spawners: false
Server threadEx[10Aug2025 20:32:45.934] [Server thread/INFO] [TabTPS/]: Enabling TabTPS v1.3.25
Server threadEx[10Aug2025 20:32:46.606] [Server thread/WARN] [TabTPS/]: ====================================================
Server threadEx[10Aug2025 20:32:46.607] [Server thread/WARN] [TabTPS/]:  TabTPS works better if you use Paper 
Server threadEx[10Aug2025 20:32:46.607] [Server thread/WARN] [TabTPS/]:  as your server software. 
Server threadEx[10Aug2025 20:32:46.607] [Server thread/WARN] [TabTPS/]:   
Server threadEx[10Aug2025 20:32:46.607] [Server thread/WARN] [TabTPS/]:  Paper offers significant performance improvements,
Server threadEx[10Aug2025 20:32:46.607] [Server thread/WARN] [TabTPS/]:  bug fixes, security enhancements and optional
Server threadEx[10Aug2025 20:32:46.607] [Server thread/WARN] [TabTPS/]:  features for server owners to enhance their server.
Server threadEx[10Aug2025 20:32:46.607] [Server thread/WARN] [TabTPS/]:   
Server threadEx[10Aug2025 20:32:46.608] [Server thread/WARN] [TabTPS/]:  Paper includes Timings v2, which is significantly
Server threadEx[10Aug2025 20:32:46.608] [Server thread/WARN] [TabTPS/]:  better at diagnosing lag problems over v1.
Server threadEx[10Aug2025 20:32:46.608] [Server thread/WARN] [TabTPS/]:   
Server threadEx[10Aug2025 20:32:46.609] [Server thread/WARN] [TabTPS/]:  All of your plugins should still work, and the
Server threadEx[10Aug2025 20:32:46.609] [Server thread/WARN] [TabTPS/]:  Paper community will gladly help you fix any issues.
Server threadEx[10Aug2025 20:32:46.609] [Server thread/WARN] [TabTPS/]:   
Server threadEx[10Aug2025 20:32:46.609] [Server thread/WARN] [TabTPS/]:  Join the Paper Community @ https://papermc.io
Server threadEx[10Aug2025 20:32:46.609] [Server thread/WARN] [TabTPS/]: ====================================================
Server threadEx[10Aug2025 20:32:48.582] [Server thread/INFO] [Minecraft/]: Server permissions file permissions.yml is empty, ignoring it
Server threadEx[10Aug2025 20:32:48.607] [Server thread/INFO] [net.minecraft.server.MinecraftServer/]: Preparing start region for dimension minecraft:overworld
Server threadEx[10Aug2025 20:32:49.535] [Worker-Main-1/INFO] [net.minecraft.class_3951/]: Preparing spawn area: 0%
Worker-Main-1Ex[10Aug2025 20:32:49.536] [Worker-Main-1/INFO] [net.minecraft.class_3951/]: Preparing spawn area: 0%
Worker-Main-1Ex[10Aug2025 20:32:49.607] [Worker-Main-1/INFO] [net.minecraft.class_3951/]: Preparing spawn area: 0%
Worker-Main-1Ex[10Aug2025 20:32:49.893] [Server thread/INFO] [net.minecraft.class_3951/]: Time elapsed: 1287 ms
Server threadEx[10Aug2025 20:32:49.894] [Server thread/INFO] [net.minecraft.class_3176/]: Done (13.426s)! For help, type "help"
Server threadEx[10Aug2025 20:32:50.285] [Craft Scheduler Thread - 0/INFO] [xyz.jpenilla.tabtps.spigot.TabTPSPlugin/]: There is an update available for TabTPS!
Craft Scheduler Thread - 0Ex[10Aug2025 20:32:50.285] [Craft Scheduler Thread - 0/INFO] [xyz.jpenilla.tabtps.spigot.TabTPSPlugin/]: This server is running version v1.3.25, which is 3 versions outdated.
Craft Scheduler Thread - 0Ex[10Aug2025 20:32:50.285] [Craft Scheduler Thread - 0/INFO] [xyz.jpenilla.tabtps.spigot.TabTPSPlugin/]: Download the latest version, v1.3.28 from GitHub at the link below:
Craft Scheduler Thread - 0Ex[10Aug2025 20:32:50.285] [Craft Scheduler Thread - 0/INFO] [xyz.jpenilla.tabtps.spigot.TabTPSPlugin/]: https://github.com/jpenilla/TabTPS/releases/tag/v1.3.28
Craft Scheduler Thread - 0Ex[10Aug2025 20:32:58.496] [User Authenticator #1/INFO] [net.minecraft.class_3248/]: UUID of player GaryX_c is 89c22481-eeb0-4f35-a56a-7b448875752c
User Authenticator #1Ex[10Aug2025 20:33:00.326] [Server thread/INFO] [net.minecraft.class_3324/]: GaryX_c[/192.168.191.14:57168] logged in with entity id 64 at (-16.153527781848666, 64.0, 2.5117263577169013)
Server threadEx[10Aug2025 20:33:00.475] [Server thread/INFO] [net.minecraft.server.MinecraftServer/]: GaryX_c joined the game
Server threadEx[10Aug2025 20:33:10.672] [Server thread/INFO] [net.minecraft.class_3244/]: GaryX_c issued server command: /plugins
Server threadEx[10Aug2025 20:33:41.680] [Server thread/INFO] [net.minecraft.class_3244/]: GaryX_c issued server command: /tabtps
Server threadEx[10Aug2025 20:33:46.717] [Server thread/INFO] [net.minecraft.class_3244/]: GaryX_c issued server command: /tabtps:tabtps
Server threadEx[10Aug2025 20:33:52.156] [Server thread/INFO] [net.minecraft.class_3244/]: GaryX_c issued server command: /tabtps help
Server threadEx[10Aug2025 20:33:59.129] [Server thread/INFO] [net.minecraft.class_3244/]: GaryX_c issued server command: /tabtps about
Server threadEx[10Aug2025 20:34:18.386] [Server thread/INFO] [net.minecraft.class_3244/]: GaryX_c issued server command: /tabtps help tabtps help [query]
Server threadEx[10Aug2025 20:34:40.656] [Server thread/INFO] [net.minecraft.class_3244/]: GaryX_c issued server command: /tickinfo
Server threadEx[10Aug2025 20:35:28.752] [Server thread/INFO] [net.minecraft.class_3244/]: GaryX_c lost connection: Disconnected
Server threadEx[10Aug2025 20:35:28.769] [Server thread/INFO] [net.minecraft.server.MinecraftServer/]: GaryX_c left the game
Server threadEx[10Aug2025 20:36:02.069] [User Authenticator #2/INFO] [net.minecraft.class_3248/]: UUID of player GaryX_c is 89c22481-eeb0-4f35-a56a-7b448875752c
User Authenticator #2Ex[10Aug2025 20:36:03.497] [Server thread/INFO] [net.minecraft.class_3324/]: GaryX_c[/192.168.191.14:57361] logged in with entity id 655 at (-65.98957361483245, 65.0, 25.52700784087628)
Server threadEx[10Aug2025 20:36:03.506] [Server thread/INFO] [net.minecraft.server.MinecraftServer/]: GaryX_c joined the game
Server threadEx[10Aug2025 20:36:24.226] [Server thread/INFO] [net.minecraft.class_3244/]: GaryX_c issued server command: /tabtps toggle bossbar
Server threadEx[10Aug2025 20:38:25.002] [Server thread/INFO] [Console/]: Unknown command. Type "/help" for help.
Server threadEx[10Aug2025 20:38:28.051] [Server thread/INFO] [Console/]: Unknown command. Type "/help" for help.
Server threadEx[10Aug2025 20:39:24.719] [Server thread/INFO] [net.minecraft.server.MinecraftServer/]: Made GaryX_c a server operator
Server threadEx[10Aug2025 20:39:32.352] [Server thread/INFO] [net.minecraft.class_3244/]: GaryX_c issued server command: /time set day
Server threadEx[10Aug2025 20:39:32.353] [Server thread/INFO] [net.minecraft.server.MinecraftServer/]: [GaryX_c: Set the time to 1000]
Server threadEx[10Aug2025 20:39:34.714] [Server thread/INFO] [net.minecraft.class_3244/]: GaryX_c issued server command: /tabtps toggle bossbar
Server threadEx[10Aug2025 20:40:06.013] [Server thread/INFO] [net.minecraft.class_3244/]: GaryX_c issued server command: /gamemode creative
Server threadEx[10Aug2025 20:40:06.015] [Server thread/INFO] [net.minecraft.server.MinecraftServer/]: [GaryX_c: Set own game mode to Creative Mode]
Server threadEx[10Aug2025 20:40:33.051] [Server thread/INFO] [net.minecraft.class_3244/]: GaryX_c lost connection: Disconnected
Server threadEx[10Aug2025 20:40:33.067] [Server thread/INFO] [net.minecraft.server.MinecraftServer/]: GaryX_c left the game
Server threadEx[10Aug2025 20:40:37.548] [Server thread/INFO] [net.minecraft.server.MinecraftServer/]: Stopping server
Server threadEx[10Aug2025 20:40:37.548] [Server thread/INFO] [TabTPS/]: Disabling TabTPS v1.3.25
Server threadEx[10Aug2025 20:40:37.553] [Server thread/INFO] [net.minecraft.server.MinecraftServer/]: Saving players
Server threadEx[10Aug2025 20:40:37.553] [Server thread/INFO] [net.minecraft.server.MinecraftServer/]: Saving worlds
Server threadEx[10Aug2025 20:40:37.760] [Server thread/INFO] [net.minecraft.server.MinecraftServer/]: Saving chunks for level 'ServerLevel[world]'/minecraft:overworld
Server threadEx[10Aug2025 20:40:38.025] [Server thread/INFO] [net.minecraft.server.MinecraftServer/]: Saving chunks for level 'ServerLevel[world/DIM1]'/minecraft:the_end
Server threadEx[10Aug2025 20:40:38.029] [Server thread/INFO] [net.minecraft.server.MinecraftServer/]: Saving chunks for level 'ServerLevel[world/DIM-1]'/minecraft:the_nether
Server threadEx